c[?7l[2J[0mSeaBIOS (version 1.13.0-1ubuntu1)


iPXE (http://ipxe.org) 00:03.0 CA00 PCI2.10 PnP PMM+07F8CA10+07ECCA10 CA00
Press Ctrl-B to configure iPXE (PCI 00:03.0)...                                                                               


Booting from Hard Disk..(THU.CST) os is loading ...

Special kernel symbols:
  entry  0x00100000 (phys)
  etext  0x001036c9 (phys)
  edata  0x0010fa16 (phys)
  end    0x00110d20 (phys)
Kernel executable memory footprint: 68KB
ebp:0x00007b28 eip:0x00100ac3 arg:0x00010094 0x00010094 0x00007b58 0x0010009b 
    kern/debug/kdebug.c:306: print_stackframe+25
ebp:0x00007b38 eip:0x00100dd1 arg:0x00000000 0x00000000 0x00000000 0x00007ba8 
    kern/debug/kmonitor.c:125: mon_backtrace+14
ebp:0x00007b58 eip:0x0010009b arg:0x00000000 0x00007b80 0xffff0000 0x00007b84 
    kern/init/init.c:48: grade_backtrace2+37
ebp:0x00007b78 eip:0x001000c9 arg:0x00000000 0xffff0000 0x00007ba4 0x00000029 
    kern/init/init.c:53: grade_backtrace1+42
ebp:0x00007b98 eip:0x001000ec arg:0x00000000 0x00100000 0xffff0000 0x0000001d 
    kern/init/init.c:58: grade_backtrace0+27
ebp:0x00007bb8 eip:0x00100116 arg:0x001036fc 0x001036e0 0x0000130a 0x00000000 
    kern/init/init.c:63: grade_backtrace+38
ebp:0x00007be8 eip:0x00100055 arg:0x00000000 0x00000000 0x00000000 0x00007c4f 
    kern/init/init.c:28: kern_init+84
ebp:0x00007bf8 eip:0x00007d74 arg:0xc031fcfa 0xc08ed88e 0x64e4d08e 0xfa7502a8 
    <unknow>: -- 0x00007d73 --
++ setup timer interrupts
0: @ring 0
0:  cs = 8
0:  ds = 10
0:  es = 10
0:  ss = 10
+++ switch to  user  mode +++
trapframe at 0x7b4c
  edi  0x00000000
  esi  0x00010094
  ebp  0x00007b98
  oesp 0x00007b6c
  ebx  0x00010094
  edx  0x00103767
  ecx  0x00000000
  eax  0x0000001e
  ds   0x----0023
  es   0x----0023
  fs   0x----0023
  gs   0x----0023
  trap 0x00000078 (unknown trap)
  err  0x00000000
  eip  0x001001e7
  cs   0x----001b
  flag 0x00003206 PF,IF,IOPL=3
  esp  0x00000000
  ss   0x----0023
1: @ring 3
1:  cs = 1b
1:  ds = 23
1:  es = 23
1:  ss = 23
+++ switch to kernel mode +++
2: @ring 0
2:  cs = 8
2:  ds = 10
2:  es = 10
2:  ss = 10
100 ticks
End of Test.
kernel panic at kern/trap/trap.c:18:
    EOT: kernel seems ok.
stack trackback:
ebp:0x00007ad0 eip:0x00100ac3 arg:0x001037a8 0x00007b14 0x00000012 0x00000000 
    kern/debug/kdebug.c:306: print_stackframe+25
ebp:0x00007b00 eip:0x0010046c arg:0x00103a6e 0x00000012 0x00103a58 0x00007b2c 
    kern/debug/panic.c:27: __panic+107
ebp:0x00007b20 eip:0x00101952 arg:0x00007b4c 0x0000000c 0x00010094 0x00010094 
    kern/trap/trap.c:0: print_ticks+69
ebp:0x00007b50 eip:0x00101e32 arg:0x00007b7c 0x0000000c 0x00103767 0x00000000 
    kern/trap/trap.c:151: trap_dispatch+163
ebp:0x00007b70 eip:0x00101f89 arg:0x00007b7c 0x00000000 0x00010094 0x00007be8 
    kern/trap/trap.c:200: trap+20
ebp:0x00007be8 eip:0x00102a14 arg:0x00000000 0x00000000 0x00000000 0x00007c4f 
    kern/trap/trapentry.S:24: <unknown>+0
ebp:0x00007bf8 eip:0x00007d74 arg:0xc031fcfa 0xc08ed88e 0x64e4d08e 0xfa7502a8 
    <unknow>: -- 0x00007d73 --
Welcome to the kernel debug monitor!!
Type 'help' for a list of commands.
K> 