c[?7l[2J[0mSeaBIOS (version 1.13.0-1ubuntu1)


iPXE (http://ipxe.org) 00:03.0 CA00 PCI2.10 PnP PMM+07F8CA10+07ECCA10 CA00
Press Ctrl-B to configure iPXE (PCI 00:03.0)...                                                                               


Booting from Hard Disk..(THU.CST) os is loading ...

Special kernel symbols:
  entry  0xc0100036 (phys)
  etext  0xc010c1da (phys)
  edata  0xc01b1000 (phys)
  end    0xc01b4160 (phys)
Kernel executable memory footprint: 721KB
ebp:0xc012df38 eip:0xc0100bf4 args[0]:0x00010094 args[1]:0x00010094 args[2]:0xc012df68 args[3]:0xc01000e3 
    kern/debug/kdebug.c:351: print_stackframe+25
ebp:0xc012df48 eip:0xc0100f09 args[0]:0x00000000 args[1]:0x00000000 args[2]:0x00000000 args[3]:0xc012dfb8 
    kern/debug/kmonitor.c:129: mon_backtrace+14
ebp:0xc012df68 eip:0xc01000e3 args[0]:0x00000000 args[1]:0xc012df90 args[2]:0xffff0000 args[3]:0xc012df94 
    kern/init/init.c:58: grade_backtrace2+37
ebp:0xc012df88 eip:0xc0100111 args[0]:0x00000000 args[1]:0xffff0000 args[2]:0xc012dfb4 args[3]:0x0000002a 
    kern/init/init.c:63: grade_backtrace1+42
ebp:0xc012dfa8 eip:0xc0100134 args[0]:0x00000000 args[1]:0xc0100036 args[2]:0xffff0000 args[3]:0x0000001d 
    kern/init/init.c:68: grade_backtrace0+27
ebp:0xc012dfc8 eip:0xc010015e args[0]:0xc010c1fc args[1]:0xc010c1e0 args[2]:0x00003160 args[3]:0x00000000 
    kern/init/init.c:73: grade_backtrace+38
ebp:0xc012dff8 eip:0xc010008b args[0]:0xc010c3e0 args[1]:0xc010c3e8 args[2]:0xc0100e85 args[3]:0xc010c407 
    kern/init/init.c:33: kern_init+84
memory management: default_pmm_manager
e820map:
  memory: 0009fc00, [00000000, 0009fbff], type = 1.
  memory: 00000400, [0009fc00, 0009ffff], type = 2.
  memory: 00010000, [000f0000, 000fffff], type = 2.
  memory: 07ee0000, [00100000, 07fdffff], type = 1.
  memory: 00020000, [07fe0000, 07ffffff], type = 2.
  memory: 00040000, [fffc0000, ffffffff], type = 2.
check_alloc_page() succeeded!
check_pgdir() succeeded!
check_boot_pgdir() succeeded!
-------------------- BEGIN --------------------
PDE(0e0) c0000000-f8000000 38000000 urw
  |-- PTE(38000) c0000000-f8000000 38000000 -rw
PDE(001) fac00000-fb000000 00400000 -rw
  |-- PTE(000e0) faf00000-fafe0000 000e0000 urw
  |-- PTE(00001) fafeb000-fafec000 00001000 -rw
--------------------- END ---------------------
use SLOB allocator
kmalloc_init() succeeded!
idt_init ok!check_vma_struct() succeeded!
page fault at 0x00000100: K/W [no page found].
check_pgfault() succeeded!
check_vmm() succeeded.
ide 0:      10000(sectors), 'QEMU HARDDISK'.
ide 1:     262144(sectors), 'QEMU HARDDISK'.
SWAP: manager = fifo swap manager
BEGIN check_swap: count 1, total 31817
setup Page Table for vaddr 0X1000, so alloc a page
setup Page Table vaddr 0~4MB OVER!
set up init env for check_swap begin!
page fault at 0x00001000: K/W [no page found].
page fault at 0x00002000: K/W [no page found].
page fault at 0x00003000: K/W [no page found].
page fault at 0x00004000: K/W [no page found].
set up init env for check_swap over!
write Virt Page c in fifo_check_swap
write Virt Page a in fifo_check_swap
write Virt Page d in fifo_check_swap
write Virt Page b in fifo_check_swap
write Virt Page e in fifo_check_swap
page fault at 0x00005000: K/W [no page found].
swap_out: i 0, store page in vaddr 0x1000 to disk swap entry 2
write Virt Page b in fifo_check_swap
write Virt Page a in fifo_check_swap
page fault at 0x00001000: K/W [no page found].
swap_out: i 0, store page in vaddr 0x2000 to disk swap entry 3
swap_in: load disk swap entry 2 with swap_page in vadr 0x1000
write Virt Page b in fifo_check_swap
page fault at 0x00002000: K/W [no page found].
swap_out: i 0, store page in vaddr 0x3000 to disk swap entry 4
swap_in: load disk swap entry 3 with swap_page in vadr 0x2000
write Virt Page c in fifo_check_swap
page fault at 0x00003000: K/W [no page found].
swap_out: i 0, store page in vaddr 0x4000 to disk swap entry 5
swap_in: load disk swap entry 4 with swap_page in vadr 0x3000
write Virt Page d in fifo_check_swap
page fault at 0x00004000: K/W [no page found].
swap_out: i 0, store page in vaddr 0x5000 to disk swap entry 6
swap_in: load disk swap entry 5 with swap_page in vadr 0x4000
write Virt Page e in fifo_check_swap
page fault at 0x00005000: K/W [no page found].
swap_out: i 0, store page in vaddr 0x1000 to disk swap entry 2
swap_in: load disk swap entry 6 with swap_page in vadr 0x5000
write Virt Page a in fifo_check_swap
page fault at 0x00001000: K/R [no page found].
swap_out: i 0, store page in vaddr 0x2000 to disk swap entry 3
swap_in: load disk swap entry 2 with swap_page in vadr 0x1000
count is 0, total is 5
check_swap() succeeded!
++ setup timer interrupts
clock ok!
kernel_execve: pid = 2, name = "yield".
Hello, I am process 2.
Back in process 2, iteration 0.
Back in process 2, iteration 1.
Back in process 2, iteration 2.
Back in process 2, iteration 3.
Back in process 2, iteration 4.
All done in process 2.
yield pass.
all user-mode processes have quit.
init check memory pass.
clock ok!
kernel panic at kern/process/proc.c:451:
    initproc exit.

stack trackback:
ebp:0xc0396f88 eip:0xc0100bf4 args[0]:0xc010c2a8 args[1]:0xc0396fcc args[2]:0x000001c3 args[3]:0xc0396fb8 
    kern/debug/kdebug.c:351: print_stackframe+25
ebp:0xc0396fb8 eip:0xc01004a9 args[0]:0xc010e2dc args[1]:0x000001c3 args[2]:0xc010e32e args[3]:0x00000000 
    kern/debug/panic.c:27: __panic+107
ebp:0xc0396fe8 eip:0xc010a277 args[0]:0x00000000 args[1]:0x00000000 args[2]:0x00000000 args[3]:0x00000010 
    kern/process/proc.c:451: do_exit+95
Welcome to the kernel debug monitor!!
Type 'help' for a list of commands.
